<?xml version="1.0" encoding="UTF-8"?>
<!-- Generated by org.testng.reporters.JUnitXMLReporter -->
<testsuite hostname="DESKTOP-MA9UMF9" failures="0" tests="3" name="Default test" time="11.768" errors="0" timestamp="7 Mar 2020 01:52:57 GMT">
  <testcase classname="com.wbl.qa.testcases.ContactPageTest" name="verifyContactsLblTest" time="0.103"/>
  <testcase classname="com.wbl.qa.testcases.ContactPageTest" name="selectMultipleContactsTest" time="0.486"/>
  <testcase classname="com.wbl.qa.testcases.ContactPageTest" name="selectSingleContactsTest" time="0.15"/>
</testsuite> <!-- Default test -->
