<?xml version="1.0" encoding="UTF-8"?>
<!-- Generated by org.testng.reporters.JUnitXMLReporter -->
<testsuite hostname="DESKTOP-MA9UMF9" failures="0" tests="12" name="WBLFramework" time="38.986" errors="0" timestamp="7 Mar 2020 05:25:32 GMT">
  <testcase classname="com.wbl.qa.testcases.HomePageLoginTest" name="HomePageTitleTest" time="0.013"/>
  <testcase classname="com.wbl.qa.testcases.HomePageLoginTest" name="loginTest" time="1.818"/>
  <testcase classname="com.wbl.qa.testcases.LoginPageTest" name="loginTest" time="0.299"/>
  <testcase classname="com.wbl.qa.testcases.MyAccountPageTest" name="loginTest" time="0.465"/>
  <testcase classname="com.wbl.qa.testcases.MyAccountPageTest" name="verifyAccountPageTest" time="0.998"/>
  <testcase classname="com.wbl.qa.testcases.MyAccountPageTest" name="verifyContactsClickTest" time="0.217"/>
  <testcase classname="com.wbl.qa.testcases.MyAccountPageTest" name="verifyCalendarTest" time="0.178"/>
  <testcase classname="com.wbl.qa.testcases.MyAccountPageTest" name="verifyImageTest" time="0.041"/>
  <testcase classname="com.wbl.qa.testcases.ContactPageTest" name="editSingleSelectTest" time="0.001"/>
  <testcase classname="com.wbl.qa.testcases.ContactPageTest" name="verifyContactsLblTest" time="0.081"/>
  <testcase classname="com.wbl.qa.testcases.ContactPageTest" name="selectMultipleContactsTest" time="0.459"/>
  <testcase classname="com.wbl.qa.testcases.ContactPageTest" name="selectSingleContactsTest" time="0.117"/>
</testsuite> <!-- WBLFramework -->
